This is pdfTeX, Version 3.1415926-2.4-1.40.13 (MiKTeX 2.9) (preloaded format=pdflatex 2013.10.16)  20 MAR 2014 10:23
entering extended mode
**C:/Users/xzizal/Desktop/GitHub/geocoder/R/speciesgeocodeR_tutorial/speciesgeo
coder_tutorial.tex

(C:/Users/xzizal/Desktop/GitHub/geocoder/R/speciesgeocodeR_tutorial/speciesgeoc
oder_tutorial.tex
LaTeX2e <2011/06/27>
Babel <v3.8m> and hyphenation patterns for english, afrikaans, ancientgreek, ar
abic, armenian, assamese, basque, bengali, bokmal, bulgarian, catalan, coptic, 
croatian, czech, danish, dutch, esperanto, estonian, farsi, finnish, french, ga
lician, german, german-x-2012-05-30, greek, gujarati, hindi, hungarian, iceland
ic, indonesian, interlingua, irish, italian, kannada, kurmanji, latin, latvian,
 lithuanian, malayalam, marathi, mongolian, mongolianlmc, monogreek, ngerman, n
german-x-2012-05-30, nynorsk, oriya, panjabi, pinyin, polish, portuguese, roman
ian, russian, sanskrit, serbian, slovak, slovenian, spanish, swedish, swissgerm
an, tamil, telugu, turkish, turkmen, ukenglish, ukrainian, uppersorbian, usengl
ishmax, welsh, loaded.
("C:\Program Files (x86)\MiKTeX 2.9\tex\latex\koma-script\scrreprt.cls"
Document Class: scrreprt 2012/07/29 v3.11b KOMA-Script document class (report)
("C:\Program Files (x86)\MiKTeX 2.9\tex\latex\koma-script\scrkbase.sty"
Package: scrkbase 2012/07/29 v3.11b KOMA-Script package (KOMA-Script-dependent 
basics and keyval usage)

("C:\Program Files (x86)\MiKTeX 2.9\tex\latex\koma-script\scrbase.sty"
Package: scrbase 2012/07/29 v3.11b KOMA-Script package (KOMA-Script-independent
 basics and keyval usage)

("C:\Program Files (x86)\MiKTeX 2.9\tex\latex\graphics\keyval.sty"
Package: keyval 1999/03/16 v1.13 key=value parser (DPC)
\KV@toks@=\toks14
)
("C:\Program Files (x86)\MiKTeX 2.9\tex\latex\koma-script\scrlfile.sty"
Package: scrlfile 2012/06/15 v3.12 KOMA-Script package (loading files)

Package scrlfile, 2012/06/15 v3.12 KOMA-Script package (loading files)
                  Copyright (C) Markus Kohm

))) ("C:\Program Files (x86)\MiKTeX 2.9\tex\latex\koma-script\tocbasic.sty"
Package: tocbasic 2012/04/04 v3.10b KOMA-Script package (handling toc-files)
)
Package tocbasic Info: omitting babel extension for `toc'
(tocbasic)             because of feature `nobabel' available
(tocbasic)             for `toc' on input line 117.
Package tocbasic Info: omitting babel extension for `lof'
(tocbasic)             because of feature `nobabel' available
(tocbasic)             for `lof' on input line 118.
Package tocbasic Info: omitting babel extension for `lot'
(tocbasic)             because of feature `nobabel' available
(tocbasic)             for `lot' on input line 119.
Package scrreprt Info: You've used obsolete option `11pt'.
(scrreprt)             \KOMAExecuteOptions{fontsize=11pt} will be
(scrreprt)             used instead.
(scrreprt)             You may simply replace `11pt'
(scrreprt)             by `fontsize=11pt'.
Class scrreprt Info: File `scrsize11pt.clo' used to setup font sizes on input l
ine 1367.

("C:\Program Files (x86)\MiKTeX 2.9\tex\latex\koma-script\scrsize11pt.clo"
File: scrsize11pt.clo 2012/07/29 v3.11b KOMA-Script font size class option (11p
t)
)
("C:\Program Files (x86)\MiKTeX 2.9\tex\latex\koma-script\typearea.sty"
Package: typearea 2012/07/29 v3.11b KOMA-Script package (type area)

Package typearea, 2012/07/29 v3.11b KOMA-Script package (type area)
                  Copyright (C) Frank Neukam, 1992-1994
                  Copyright (C) Markus Kohm, 1994-

\ta@bcor=\skip41
\ta@div=\count79
Package typearea Info: You've used standard option `a4paper'.
(typearea)             This is correct!
(typearea)             Internally I'm using `paper=a4'.
(typearea)             If you'd like to set the option with \KOMAoptions,
(typearea)             you'd have to use `paper=a4' there
(typearea)             instead of `a4paper', too.
\ta@hblk=\skip42
\ta@vblk=\skip43
\ta@temp=\skip44
Package typearea Info: These are the values describing the layout:
(typearea)             DIV  = 10
(typearea)             BCOR = 0.0pt
(typearea)             \paperwidth      = 597.50793pt
(typearea)              \textwidth      = 418.25555pt
(typearea)              DIV departure   = -6%
(typearea)              \evensidemargin = 17.3562pt
(typearea)              \oddsidemargin  = 17.3562pt
(typearea)             \paperheight     = 845.04694pt
(typearea)              \textheight     = 595.80026pt
(typearea)              \topmargin      = -25.16531pt
(typearea)              \headheight     = 17.0pt
(typearea)              \headsep        = 20.40001pt
(typearea)              \topskip        = 11.0pt
(typearea)              \footskip       = 47.60002pt
(typearea)              \baselineskip   = 13.6pt
(typearea)              on input line 1213.
)
\c@part=\count80
\c@chapter=\count81
\c@section=\count82
\c@subsection=\count83
\c@subsubsection=\count84
\c@paragraph=\count85
\c@subparagraph=\count86
\abovecaptionskip=\skip45
\belowcaptionskip=\skip46
\c@pti@nb@sid@b@x=\box26
\c@figure=\count87
\c@table=\count88
\bibindent=\dimen102
) ("C:\Program Files (x86)\MiKTeX 2.9\tex\latex\geometry\geometry.sty"
Package: geometry 2010/09/12 v5.6 Page Geometry

("C:\Program Files (x86)\MiKTeX 2.9\tex\generic\oberdiek\ifpdf.sty"
Package: ifpdf 2011/01/30 v2.3 Provides the ifpdf switch (HO)
Package ifpdf Info: pdfTeX in PDF mode is detected.
)
("C:\Program Files (x86)\MiKTeX 2.9\tex\generic\oberdiek\ifvtex.sty"
Package: ifvtex 2010/03/01 v1.5 Detect VTeX and its facilities (HO)
Package ifvtex Info: VTeX not detected.
)
("C:\Program Files (x86)\MiKTeX 2.9\tex\generic\ifxetex\ifxetex.sty"
Package: ifxetex 2010/09/12 v0.6 Provides ifxetex conditional
)
\Gm@cnth=\count89
\Gm@cntv=\count90
\c@Gm@tempcnt=\count91
\Gm@bindingoffset=\dimen103
\Gm@wd@mp=\dimen104
\Gm@odd@mp=\dimen105
\Gm@even@mp=\dimen106
\Gm@layoutwidth=\dimen107
\Gm@layoutheight=\dimen108
\Gm@layouthoffset=\dimen109
\Gm@layoutvoffset=\dimen110
\Gm@dimlist=\toks15

("C:\Program Files (x86)\MiKTeX 2.9\tex\latex\geometry\geometry.cfg"))
("C:\Program Files (x86)\MiKTeX 2.9\tex\latex\natbib\natbib.sty"
Package: natbib 2010/09/13 8.31b (PWD, AO)
\bibhang=\skip47
\bibsep=\skip48
LaTeX Info: Redefining \cite on input line 694.
\c@NAT@ctr=\count92
)
("C:\Program Files (x86)\MiKTeX 2.9\tex\latex\hyperref\hyperref.sty"
Package: hyperref 2012/11/06 v6.83m Hypertext links for LaTeX

("C:\Program Files (x86)\MiKTeX 2.9\tex\generic\oberdiek\hobsub-hyperref.sty"
Package: hobsub-hyperref 2012/04/25 v1.12 Bundle oberdiek, subset hyperref (HO)


("C:\Program Files (x86)\MiKTeX 2.9\tex\generic\oberdiek\hobsub-generic.sty"
Package: hobsub-generic 2012/04/25 v1.12 Bundle oberdiek, subset generic (HO)
Package: hobsub 2012/04/25 v1.12 Construct package bundles (HO)
Package: infwarerr 2010/04/08 v1.3 Providing info/warning/error messages (HO)
Package: ltxcmds 2011/11/09 v1.22 LaTeX kernel commands for general use (HO)
Package: ifluatex 2010/03/01 v1.3 Provides the ifluatex switch (HO)
Package ifluatex Info: LuaTeX not detected.
Package hobsub Info: Skipping package `ifvtex' (already loaded).
Package: intcalc 2007/09/27 v1.1 Expandable calculations with integers (HO)
Package hobsub Info: Skipping package `ifpdf' (already loaded).
Package: etexcmds 2011/02/16 v1.5 Avoid name clashes with e-TeX commands (HO)
Package etexcmds Info: Could not find \expanded.
(etexcmds)             That can mean that you are not using pdfTeX 1.50 or
(etexcmds)             that some package has redefined \expanded.
(etexcmds)             In the latter case, load this package earlier.
Package: kvsetkeys 2012/04/25 v1.16 Key value parser (HO)
Package: kvdefinekeys 2011/04/07 v1.3 Define keys (HO)
Package: pdftexcmds 2011/11/29 v0.20 Utility functions of pdfTeX for LuaTeX (HO
)
Package pdftexcmds Info: LuaTeX not detected.
Package pdftexcmds Info: \pdf@primitive is available.
Package pdftexcmds Info: \pdf@ifprimitive is available.
Package pdftexcmds Info: \pdfdraftmode found.
Package: pdfescape 2011/11/25 v1.13 Implements pdfTeX's escape features (HO)
Package: bigintcalc 2012/04/08 v1.3 Expandable calculations on big integers (HO
)
Package: bitset 2011/01/30 v1.1 Handle bit-vector datatype (HO)
Package: uniquecounter 2011/01/30 v1.2 Provide unlimited unique counter (HO)
)
Package hobsub Info: Skipping package `hobsub' (already loaded).
Package: letltxmacro 2010/09/02 v1.4 Let assignment for LaTeX macros (HO)
Package: hopatch 2011/06/24 v1.1 Wrapper for package hooks (HO)
Package: xcolor-patch 2011/01/30 xcolor patch
Package: atveryend 2011/06/30 v1.8 Hooks at the very end of document (HO)
Package atveryend Info: \enddocument detected (standard20110627).
Package: atbegshi 2011/10/05 v1.16 At begin shipout hook (HO)
Package: refcount 2011/10/16 v3.4 Data extraction from label references (HO)
Package: hycolor 2011/01/30 v1.7 Color options for hyperref/bookmark (HO)
)
("C:\Program Files (x86)\MiKTeX 2.9\tex\latex\oberdiek\auxhook.sty"
Package: auxhook 2011/03/04 v1.3 Hooks for auxiliary files (HO)
)
("C:\Program Files (x86)\MiKTeX 2.9\tex\latex\oberdiek\kvoptions.sty"
Package: kvoptions 2011/06/30 v3.11 Key value format for package options (HO)
)
\@linkdim=\dimen111
\Hy@linkcounter=\count93
\Hy@pagecounter=\count94

("C:\Program Files (x86)\MiKTeX 2.9\tex\latex\hyperref\pd1enc.def"
File: pd1enc.def 2012/11/06 v6.83m Hyperref: PDFDocEncoding definition (HO)
)
\Hy@SavedSpaceFactor=\count95

("C:\Program Files (x86)\MiKTeX 2.9\tex\latex\00miktex\hyperref.cfg"
File: hyperref.cfg 2002/06/06 v1.2 hyperref configuration of TeXLive
)
Package hyperref Info: Hyper figures OFF on input line 4443.
Package hyperref Info: Link nesting OFF on input line 4448.
Package hyperref Info: Hyper index ON on input line 4451.
Package hyperref Info: Plain pages OFF on input line 4458.
Package hyperref Info: Backreferencing OFF on input line 4463.
Package hyperref Info: Implicit mode ON; LaTeX internals redefined.
Package hyperref Info: Bookmarks ON on input line 4688.
\c@Hy@tempcnt=\count96

("C:\Program Files (x86)\MiKTeX 2.9\tex\latex\ltxmisc\url.sty"
\Urlmuskip=\muskip10
Package: url 2006/04/12  ver 3.3  Verb mode for urls, etc.
)
LaTeX Info: Redefining \url on input line 5041.
\XeTeXLinkMargin=\dimen112
\Fld@menulength=\count97
\Field@Width=\dimen113
\Fld@charsize=\dimen114
Package hyperref Info: Hyper figures OFF on input line 6295.
Package hyperref Info: Link nesting OFF on input line 6300.
Package hyperref Info: Hyper index ON on input line 6303.
Package hyperref Info: backreferencing OFF on input line 6310.
Package hyperref Info: Link coloring OFF on input line 6315.
Package hyperref Info: Link coloring with OCG OFF on input line 6320.
Package hyperref Info: PDF/A mode OFF on input line 6325.
LaTeX Info: Redefining \ref on input line 6365.
LaTeX Info: Redefining \pageref on input line 6369.
\Hy@abspage=\count98
\c@Item=\count99
\c@Hfootnote=\count100
)

Package hyperref Message: Driver (autodetected): hpdftex.

("C:\Program Files (x86)\MiKTeX 2.9\tex\latex\hyperref\hpdftex.def"
File: hpdftex.def 2012/11/06 v6.83m Hyperref driver for pdfTeX
\Fld@listcount=\count101
\c@bookmark@seq@number=\count102

("C:\Program Files (x86)\MiKTeX 2.9\tex\latex\oberdiek\rerunfilecheck.sty"
Package: rerunfilecheck 2011/04/15 v1.7 Rerun checks for auxiliary files (HO)
Package uniquecounter Info: New unique counter `rerunfilecheck' on input line 2
82.
)
\Hy@SectionHShift=\skip49
)
("C:\Program Files (x86)\MiKTeX 2.9\tex\latex\graphics\graphicx.sty"
Package: graphicx 1999/02/16 v1.0f Enhanced LaTeX Graphics (DPC,SPQR)

("C:\Program Files (x86)\MiKTeX 2.9\tex\latex\graphics\graphics.sty"
Package: graphics 2009/02/05 v1.0o Standard LaTeX Graphics (DPC,SPQR)

("C:\Program Files (x86)\MiKTeX 2.9\tex\latex\graphics\trig.sty"
Package: trig 1999/03/16 v1.09 sin cos tan (DPC)
)
("C:\Program Files (x86)\MiKTeX 2.9\tex\latex\00miktex\graphics.cfg"
File: graphics.cfg 2007/01/18 v1.5 graphics configuration of teTeX/TeXLive
)
Package graphics Info: Driver file: pdftex.def on input line 91.

("C:\Program Files (x86)\MiKTeX 2.9\tex\latex\pdftex-def\pdftex.def"
File: pdftex.def 2011/05/27 v0.06d Graphics/color for pdfTeX
\Gread@gobject=\count103
))
\Gin@req@height=\dimen115
\Gin@req@width=\dimen116
)
("C:\Program Files (x86)\MiKTeX 2.9\tex\latex\oberdiek\epstopdf.sty"
Package: epstopdf 2010/02/09 v2.5 Conversion with epstopdf on the fly (HO)

("C:\Program Files (x86)\MiKTeX 2.9\tex\latex\oberdiek\epstopdf-base.sty"
Package: epstopdf-base 2010/02/09 v2.5 Base part for package epstopdf

("C:\Program Files (x86)\MiKTeX 2.9\tex\latex\oberdiek\grfext.sty"
Package: grfext 2010/08/19 v1.1 Manage graphics extensions (HO)
)
Package grfext Info: Graphics extension search list:
(grfext)             [.png,.pdf,.jpg,.mps,.jpeg,.jbig2,.jb2,.PNG,.PDF,.JPG,.JPE
G,.JBIG2,.JB2,.eps]
(grfext)             \AppendGraphicsExtensions on input line 452.
))
("C:\Program Files (x86)\MiKTeX 2.9\tex\latex\psnfss\helvet.sty"
Package: helvet 2005/04/12 PSNFSS-v9.2a (WaS) 
)
("C:\Program Files (x86)\MiKTeX 2.9\tex\latex\caption\caption.sty"
Package: caption 2013/05/02 v3.3-89 Customizing captions (AR)

("C:\Program Files (x86)\MiKTeX 2.9\tex\latex\caption\caption3.sty"
Package: caption3 2013/05/02 v1.6-88 caption3 kernel (AR)
Package caption3 Info: TeX engine: e-TeX on input line 57.
\captionmargin=\dimen117
\captionmargin@=\dimen118
\captionwidth=\dimen119
\caption@tempdima=\dimen120
\caption@indent=\dimen121
\caption@parindent=\dimen122
\caption@hangindent=\dimen123
)
Package caption Info: KOMA-Script document class.
\c@ContinuedFloat=\count104
Package caption Info: hyperref package is loaded.
)
(C:\Users\xzizal\Desktop\GitHub\geocoder\R\speciesgeocodeR_tutorial\speciesgeoc
oder_tutorial.aux)
LaTeX Font Info:    Checking defaults for OML/cmm/m/it on input line 22.
LaTeX Font Info:    ... okay on input line 22.
LaTeX Font Info:    Checking defaults for T1/cmr/m/n on input line 22.
LaTeX Font Info:    ... okay on input line 22.
LaTeX Font Info:    Checking defaults for OT1/cmr/m/n on input line 22.
LaTeX Font Info:    ... okay on input line 22.
LaTeX Font Info:    Checking defaults for OMS/cmsy/m/n on input line 22.
LaTeX Font Info:    ... okay on input line 22.
LaTeX Font Info:    Checking defaults for OMX/cmex/m/n on input line 22.
LaTeX Font Info:    ... okay on input line 22.
LaTeX Font Info:    Checking defaults for U/cmr/m/n on input line 22.
LaTeX Font Info:    ... okay on input line 22.
LaTeX Font Info:    Checking defaults for PD1/pdf/m/n on input line 22.
LaTeX Font Info:    ... okay on input line 22.
LaTeX Font Info:    Try loading font information for OT1+phv on input line 22.

("C:\Program Files (x86)\MiKTeX 2.9\tex\latex\psnfss\ot1phv.fd"
File: ot1phv.fd 2001/06/04 scalable font definitions for OT1/phv.
)
*geometry* driver: auto-detecting
*geometry* detected driver: pdftex
*geometry* verbose mode - [ preamble ] result:
* driver: pdftex
* paper: a4paper
* layout: <same size as paper>
* layoutoffset:(h,v)=(0.0pt,0.0pt)
* modes: 
* h-part:(L,W,R)=(71.13188pt, 455.24411pt, 71.13188pt)
* v-part:(T,H,B)=(85.35826pt, 688.5567pt, 71.13188pt)
* \paperwidth=597.50787pt
* \paperheight=845.04684pt
* \textwidth=455.24411pt
* \textheight=688.5567pt
* \oddsidemargin=-1.1381pt
* \evensidemargin=-1.1381pt
* \topmargin=-24.31174pt
* \headheight=17.0pt
* \headsep=20.40001pt
* \topskip=11.0pt
* \footskip=47.60002pt
* \marginparwidth=59.7508pt
* \marginparsep=12.8401pt
* \columnsep=10.0pt
* \skip\footins=10.0pt plus 4.0pt minus 2.0pt
* \hoffset=0.0pt
* \voffset=0.0pt
* \mag=1000
* \@twocolumnfalse
* \@twosidefalse
* \@mparswitchfalse
* \@reversemarginfalse
* (1in=72.27pt=25.4mm, 1cm=28.453pt)

\AtBeginShipoutBox=\box27
Package hyperref Info: Link coloring OFF on input line 22.
("C:\Program Files (x86)\MiKTeX 2.9\tex\latex\hyperref\nameref.sty"
Package: nameref 2012/10/27 v2.43 Cross-referencing by name of section

("C:\Program Files (x86)\MiKTeX 2.9\tex\generic\oberdiek\gettitlestring.sty"
Package: gettitlestring 2010/12/03 v1.4 Cleanup title references (HO)
)
\c@section@level=\count105
)
LaTeX Info: Redefining \ref on input line 22.
LaTeX Info: Redefining \pageref on input line 22.
LaTeX Info: Redefining \nameref on input line 22.

(C:\Users\xzizal\Desktop\GitHub\geocoder\R\speciesgeocodeR_tutorial\speciesgeoc
oder_tutorial.out)
(C:\Users\xzizal\Desktop\GitHub\geocoder\R\speciesgeocodeR_tutorial\speciesgeoc
oder_tutorial.out)
\@outlinefile=\write3

("C:\Program Files (x86)\MiKTeX 2.9\tex\context\base\supp-pdf.mkii"
[Loading MPS to PDF converter (version 2006.09.02).]
\scratchcounter=\count106
\scratchdimen=\dimen124
\scratchbox=\box28
\nofMPsegments=\count107
\nofMParguments=\count108
\everyMPshowfont=\toks16
\MPscratchCnt=\count109
\MPscratchDim=\dimen125
\MPnumerator=\count110
\makeMPintoPDFobject=\count111
\everyMPtoPDFconversion=\toks17
)
Package caption Info: Begin \AtBeginDocument code.
Package caption Info: End \AtBeginDocument code.
LaTeX Font Info:    Font shape `OT1/phv/bx/n' in size <20.74> not available
(Font)              Font shape `OT1/phv/b/n' tried instead on input line 29.
LaTeX Font Info:    Font shape `OT1/phv/bx/n' in size <10.95> not available
(Font)              Font shape `OT1/phv/b/n' tried instead on input line 39.
 [1



{C:/ProgramData/MiKTeX/2.9/pdftex/config/pdftex.map}]
(C:\Users\xzizal\Desktop\GitHub\geocoder\R\speciesgeocodeR_tutorial\speciesgeoc
oder_tutorial.toc
LaTeX Font Info:    External font `cmex10' loaded for size
(Font)              <10.95> on input line 7.
LaTeX Font Info:    External font `cmex10' loaded for size
(Font)              <8> on input line 7.
LaTeX Font Info:    External font `cmex10' loaded for size
(Font)              <6> on input line 7.
)
\tf@toc=\write4
 [2

]
Chapter 1.
[3

] [4]
Chapter 2.
LaTeX Font Info:    Font shape `OT1/phv/m/it' in size <10.95> not available
(Font)              Font shape `OT1/phv/m/sl' tried instead on input line 57.
Missing character: There is no ï in font phvr7t!
Missing character: There is no ¿ in font phvr7t!
Missing character: There is no ½ in font phvr7t!
Missing character: There is no ï in font phvr7t!
Missing character: There is no ¿ in font phvr7t!
Missing character: There is no ½ in font phvr7t!
Missing character: There is no ï in font phvr7t!
Missing character: There is no ¿ in font phvr7t!
Missing character: There is no ½ in font phvr7t!
Missing character: There is no ï in font phvr7t!
Missing character: There is no ¿ in font phvr7t!
Missing character: There is no ½ in font phvr7t!
Missing character: There is no ï in font phvr7t!
Missing character: There is no ¿ in font phvr7t!
Missing character: There is no ½ in font phvr7t!
[5

]
Chapter 3.
LaTeX Font Info:    Try loading font information for OMS+phv on input line 76.
("C:\Program Files (x86)\MiKTeX 2.9\tex\latex\psnfss\omsphv.fd"
File: omsphv.fd 
)
LaTeX Font Info:    Font shape `OMS/phv/m/n' in size <10.95> not available
(Font)              Font shape `OMS/cmsy/m/n' tried instead on input line 76.
Missing character: There is no ï in font phvr7t!
Missing character: There is no ¿ in font phvr7t!
Missing character: There is no ½ in font phvr7t!
Missing character: There is no ï in font phvr7t!
Missing character: There is no ¿ in font phvr7t!
Missing character: There is no ½ in font phvr7t!
 [6

]
LaTeX Font Info:    Try loading font information for OMS+cmtt on input line 86.

LaTeX Font Info:    No file OMScmtt.fd. on input line 86.


LaTeX Font Warning: Font shape `OMS/cmtt/m/n' undefined
(Font)              using `OMS/cmsy/m/n' instead
(Font)              for symbol `textbackslash' on input line 86.

LaTeX Font Info:    Try loading font information for OML+cmtt on input line 95.

LaTeX Font Info:    No file OMLcmtt.fd. on input line 95.

LaTeX Font Warning: Font shape `OML/cmtt/m/n' undefined
(Font)              using `OML/cmm/m/it' instead
(Font)              for symbol `textless' on input line 95.


Overfull \hbox (9.40364pt too wide) in paragraph at lines 93--99
\OT1/cmtt/m/n/10.95 write.table(poly, ``example[]data\OMS/cmtt/m/n/10.95 nn\OT1
/cmtt/m/n/10.95 ivesia[]polygons[]reformat.txt'', row.names =
 []

[7]
Chapter 4.

Overfull \hbox (0.88428pt too wide) in paragraph at lines 105--109
\OT1/cmtt/m/n/10.95 SpeciesGeoCoder(``example[]data\OMS/cmtt/m/n/10.95 nn\OT1/c
mtt/m/n/10.95 ivesia[]coordinates'', wwf, graphs = T, coex = F,
 []


Overfull \hbox (6.63297pt too wide) in paragraph at lines 112--115
\OT1/cmtt/m/n/10.95 SpeciesGeoCoder(``example[]data\OMS/cmtt/m/n/10.95 nn\OT1/c
mtt/m/n/10.95 ivesia[]coordinates'', poly, graphs = T, coex = F,
 []

[8

] [9]
Chapter 5.

Underfull \hbox (badness 10000) in paragraph at lines 125--151

 []


Underfull \hbox (badness 10000) in paragraph at lines 125--151

 []

[10

] [11]
Chapter 6.
LaTeX Font Info:    Font shape `OT1/phv/bx/n' in size <14.4> not available
(Font)              Font shape `OT1/phv/b/n' tried instead on input line 153.
LaTeX Font Info:    Try loading font information for OML+phv on input line 157.

("C:\Program Files (x86)\MiKTeX 2.9\tex\latex\psnfss\omlphv.fd"
File: omlphv.fd 
)
LaTeX Font Info:    Font shape `OML/phv/m/n' in size <10.95> not available
(Font)              Font shape `OML/cmm/m/it' tried instead on input line 157.

<figures/levelplot_ivesia.jpeg, id=167, 505.89pt x 361.35pt>
File: figures/levelplot_ivesia.jpeg Graphic file (type jpg)

<use figures/levelplot_ivesia.jpeg>
Package pdftex.def Info: figures/levelplot_ivesia.jpeg used on input line 175.
(pdftex.def)             Requested size: 409.71692pt x 292.65881pt.
 [12

] [13 <C:/Users/xzizal/Desktop/GitHub/geocoder/R/speciesgeocodeR_tutorial/figur
es/levelplot_ivesia.jpeg>]
Package epstopdf Info: Source file: <figures/mapdiversity_continous.eps>
(epstopdf)                    date: 2014-03-18 17:54:47
(epstopdf)                    size: 475722 bytes
(epstopdf)             Output file: <figures/mapdiversity_continous-eps-convert
ed-to.pdf>
(epstopdf)                    date: 2014-03-18 18:02:25
(epstopdf)                    size: 23797 bytes
(epstopdf)             Command: <epstopdf --outfile=figures/mapdiversity_contin
ous-eps-converted-to.pdf figures/mapdiversity_continous.eps>
(epstopdf)             \includegraphics on input line 201.
Package epstopdf Info: Output file is already uptodate.

<figures/mapdiversity_continous-eps-converted-to.pdf, id=182, 268.00125pt x 303
.1325pt>
File: figures/mapdiversity_continous-eps-converted-to.pdf Graphic file (type pd
f)
 <use figures/mapdiversity_continous-eps-converted-to.pdf>
Package pdftex.def Info: figures/mapdiversity_continous-eps-converted-to.pdf us
ed on input line 201.
(pdftex.def)             Requested size: 250.38564pt x 283.20543pt.

Underfull \hbox (badness 10000) in paragraph at lines 206--207

 []

Package epstopdf Info: Source file: <figures/mapdiversity_discrete.eps>
(epstopdf)                    date: 2014-03-19 10:07:54
(epstopdf)                    size: 457886 bytes
(epstopdf)             Output file: <figures/mapdiversity_discrete-eps-converte
d-to.pdf>
(epstopdf)                    date: 2014-03-19 10:07:58
(epstopdf)                    size: 22524 bytes
(epstopdf)             Command: <epstopdf --outfile=figures/mapdiversity_discre
te-eps-converted-to.pdf figures/mapdiversity_discrete.eps>
(epstopdf)             \includegraphics on input line 208.
Package epstopdf Info: Output file is already uptodate.

<figures/mapdiversity_discrete-eps-converted-to.pdf, id=183, 257.96375pt x 303.
1325pt>
File: figures/mapdiversity_discrete-eps-converted-to.pdf Graphic file (type pdf
)
 <use figures/mapdiversity_discrete-eps-converted-to.pdf>
Package pdftex.def Info: figures/mapdiversity_discrete-eps-converted-to.pdf use
d on input line 208.
(pdftex.def)             Requested size: 250.38564pt x 294.23706pt.
 [14 <C:/Users/xzizal/Desktop/GitHub/geocoder/R/speciesgeocodeR_tutorial/figure
s/mapdiversity_continous-eps-converted-to.pdf>]
Underfull \hbox (badness 10000) in paragraph at lines 213--214

 []

Package epstopdf Info: Source file: <figures/mapdiversity_points.eps>
(epstopdf)                    date: 2014-03-18 17:59:46
(epstopdf)                    size: 652070 bytes
(epstopdf)             Output file: <figures/mapdiversity_points-eps-converted-
to.pdf>
(epstopdf)                    date: 2014-03-18 18:02:26
(epstopdf)                    size: 56144 bytes
(epstopdf)             Command: <epstopdf --outfile=figures/mapdiversity_points
-eps-converted-to.pdf figures/mapdiversity_points.eps>
(epstopdf)             \includegraphics on input line 215.
Package epstopdf Info: Output file is already uptodate.

<figures/mapdiversity_points-eps-converted-to.pdf, id=194, 268.00125pt x 303.13
25pt>
File: figures/mapdiversity_points-eps-converted-to.pdf Graphic file (type pdf)
 <use figures/mapdiversity_points-eps-converted-to.pdf>
Package pdftex.def Info: figures/mapdiversity_points-eps-converted-to.pdf used 
on input line 215.
(pdftex.def)             Requested size: 250.38564pt x 283.20543pt.
 [15 <C:/Users/xzizal/Desktop/GitHub/geocoder/R/speciesgeocodeR_tutorial/figure
s/mapdiversity_discrete-eps-converted-to.pdf>]
Underfull \hbox (badness 10000) in paragraph at lines 220--225

 []

<figures/mapdiversity_ecoregions_polygons.jpeg, id=205, 505.89pt x 361.35pt>
File: figures/mapdiversity_ecoregions_polygons.jpeg Graphic file (type jpg)

<use figures/mapdiversity_ecoregions_polygons.jpeg>
Package pdftex.def Info: figures/mapdiversity_ecoregions_polygons.jpeg used on 
input line 227.
(pdftex.def)             Requested size: 318.66948pt x 227.62413pt.
 [16 <C:/Users/xzizal/Desktop/GitHub/geocoder/R/speciesgeocodeR_tutorial/figure
s/mapdiversity_points-eps-converted-to.pdf>]
Underfull \hbox (badness 10000) in paragraph at lines 230--232

 []

<figures/mapdiversity_ecoregions_points.jpg, id=216, 361.35pt x 361.35pt>
File: figures/mapdiversity_ecoregions_points.jpg Graphic file (type jpg)

<use figures/mapdiversity_ecoregions_points.jpg>
Package pdftex.def Info: figures/mapdiversity_ecoregions_points.jpg used on inp
ut line 234.
(pdftex.def)             Requested size: 250.38564pt x 250.38489pt.
 [17 <C:/Users/xzizal/Desktop/GitHub/geocoder/R/speciesgeocodeR_tutorial/figure
s/mapdiversity_ecoregions_polygons.jpeg> <C:/Users/xzizal/Desktop/GitHub/geocod
er/R/speciesgeocodeR_tutorial/figures/mapdiversity_ecoregions_points.jpg>]
Underfull \hbox (badness 10000) in paragraph at lines 239--245

 []

<figures/mapdiversity_biomes.jpg, id=221, 361.35pt x 361.35pt>
File: figures/mapdiversity_biomes.jpg Graphic file (type jpg)

<use figures/mapdiversity_biomes.jpg>
Package pdftex.def Info: figures/mapdiversity_biomes.jpg used on input line 247
.
(pdftex.def)             Requested size: 318.66948pt x 318.67268pt.

Underfull \hbox (badness 10000) in paragraph at lines 250--252

 []

<figures/mapdiversity_realms.jpg, id=222, 505.89pt x 361.35pt>
File: figures/mapdiversity_realms.jpg Graphic file (type jpg)

<use figures/mapdiversity_realms.jpg>
Package pdftex.def Info: figures/mapdiversity_realms.jpg used on input line 254
.
(pdftex.def)             Requested size: 318.66948pt x 227.62413pt.
 [18 <C:/Users/xzizal/Desktop/GitHub/geocoder/R/speciesgeocodeR_tutorial/figure
s/mapdiversity_biomes.jpg>]
Overfull \hbox (53.78084pt too wide) in paragraph at lines 260--261
[]\OT1/cmtt/m/n/10.95 ivesia[]div \OML/cmm/m/it/10.95 <\OT1/cmtt/m/n/10.95 - Di
versityGrid(``example[]data\OMS/cmtt/m/n/10.95 nn\OT1/cmtt/m/n/10.95 ivesia[]co
ordinates.txt'',xlim = c(-130,-105),
 []

<figures/diversity_grid_textfile.jpeg, id=229, 830.10126pt x 667.49374pt>
File: figures/diversity_grid_textfile.jpeg Graphic file (type jpg)

<use figures/diversity_grid_textfile.jpeg>
Package pdftex.def Info: figures/diversity_grid_textfile.jpeg used on input lin
e 267.
(pdftex.def)             Requested size: 318.66948pt x 256.23727pt.
 [19 <C:/Users/xzizal/Desktop/GitHub/geocoder/R/speciesgeocodeR_tutorial/figure
s/mapdiversity_realms.jpg>]
Overfull \hbox (141.99321pt too wide) in paragraph at lines 272--278
[]\OT1/cmtt/m/n/10.95 inp[]ivesia \OML/cmm/m/it/10.95 <\OT1/cmtt/m/n/10.95 - Re
adPoints(``example[]data\OMS/cmtt/m/n/10.95 nn\OT1/cmtt/m/n/10.95 ivesia[]coord
inates.txt'', ``example[]data\OMS/cmtt/m/n/10.95 nn\OT1/cmtt/m/n/10.95 ivesia[]
polygons.txt'') 
 []


Overfull \hbox (52.47998pt too wide) in paragraph at lines 272--278
\OT1/cmtt/m/n/10.95 points(outp[]ivesia$species[]coordinates[]in$XCOOR, outp[]i
vesia$species[]coordinates[]in$YCOOR) 
 []

<figures/diversity_grid_spgeoout.jpeg, id=235, 830.10126pt x 667.49374pt>
File: figures/diversity_grid_spgeoout.jpeg Graphic file (type jpg)

<use figures/diversity_grid_spgeoout.jpeg>
Package pdftex.def Info: figures/diversity_grid_spgeoout.jpeg used on input lin
e 280.
(pdftex.def)             Requested size: 318.66948pt x 256.23727pt.
 [20 <C:/Users/xzizal/Desktop/GitHub/geocoder/R/speciesgeocodeR_tutorial/figure
s/diversity_grid_textfile.jpeg>]
Overfull \hbox (52.47998pt too wide) in paragraph at lines 285--288
\OT1/cmtt/m/n/10.95 points(outp[]ivesia$species[]coordinates[]in$XCOOR, outp[]i
vesia$species[]coordinates[]in$YCOOR) 
 []


Underfull \hbox (badness 10000) in paragraph at lines 285--288

 []

<figures/abundance_grid.jpeg, id=240, 830.10126pt x 667.49374pt>
File: figures/abundance_grid.jpeg Graphic file (type jpg)

<use figures/abundance_grid.jpeg>
Package pdftex.def Info: figures/abundance_grid.jpeg used on input line 290.
(pdftex.def)             Requested size: 318.66948pt x 256.23727pt.
 [21 <C:/Users/xzizal/Desktop/GitHub/geocoder/R/speciesgeocodeR_tutorial/figure
s/diversity_grid_spgeoout.jpeg> <C:/Users/xzizal/Desktop/GitHub/geocoder/R/spec
iesgeocodeR_tutorial/figures/abundance_grid.jpeg>]
Chapter 7.
Missing character: There is no ï in font phvr7t!
Missing character: There is no ¿ in font phvr7t!
Missing character: There is no ½ in font phvr7t!
Missing character: There is no ï in font phvr7t!
Missing character: There is no ¿ in font phvr7t!
Missing character: There is no ½ in font phvr7t!
Missing character: There is no ï in font phvr7t!
Missing character: There is no ¿ in font phvr7t!
Missing character: There is no ½ in font phvr7t!
Missing character: There is no ï in font phvr7t!
Missing character: There is no ¿ in font phvr7t!
Missing character: There is no ½ in font phvr7t!
Missing character: There is no ï in font phvr7t!
Missing character: There is no ¿ in font phvr7t!
Missing character: There is no ½ in font phvr7t!
Missing character: There is no ï in font phvr7t!
Missing character: There is no ¿ in font phvr7t!
Missing character: There is no ½ in font phvr7t!
Missing character: There is no ï in font phvr7t!
Missing character: There is no ¿ in font phvr7t!
Missing character: There is no ½ in font phvr7t!
Missing character: There is no ï in font phvr7t!
Missing character: There is no ¿ in font phvr7t!
Missing character: There is no ½ in font phvr7t!
Missing character: There is no ï in font phvr7t!
Missing character: There is no ¿ in font phvr7t!
Missing character: There is no ½ in font phvr7t!
Missing character: There is no ï in font phvr7t!
Missing character: There is no ¿ in font phvr7t!
Missing character: There is no ½ in font phvr7t!
Missing character: There is no ï in font phvr7t!
Missing character: There is no ¿ in font phvr7t!
Missing character: There is no ½ in font phvr7t!
Missing character: There is no ï in font phvr7t!
Missing character: There is no ¿ in font phvr7t!
Missing character: There is no ½ in font phvr7t!
Missing character: There is no ï in font phvr7t!
Missing character: There is no ¿ in font phvr7t!
Missing character: There is no ½ in font phvr7t!
Missing character: There is no ï in font phvr7t!
Missing character: There is no ¿ in font phvr7t!
Missing character: There is no ½ in font phvr7t!
Missing character: There is no ï in font phvr7t!
Missing character: There is no ¿ in font phvr7t!
Missing character: There is no ½ in font phvr7t!
Missing character: There is no ï in font phvr7t!
Missing character: There is no ¿ in font phvr7t!
Missing character: There is no ½ in font phvr7t!
Missing character: There is no ï in font phvr7t!
Missing character: There is no ¿ in font phvr7t!
Missing character: There is no ½ in font phvr7t!
Missing character: There is no ï in font phvr7t!
Missing character: There is no ¿ in font phvr7t!
Missing character: There is no ½ in font phvr7t!
Missing character: There is no ï in font phvr7t!
Missing character: There is no ¿ in font phvr7t!
Missing character: There is no ½ in font phvr7t!
Missing character: There is no ï in font phvr7t!
Missing character: There is no ¿ in font phvr7t!
Missing character: There is no ½ in font phvr7t!
Missing character: There is no ï in font phvr7t!
Missing character: There is no ¿ in font phvr7t!
Missing character: There is no ½ in font phvr7t!
Missing character: There is no ï in font phvr7t!
Missing character: There is no ¿ in font phvr7t!
Missing character: There is no ½ in font phvr7t!
Missing character: There is no ï in font phvr7t!
Missing character: There is no ¿ in font phvr7t!
Missing character: There is no ½ in font phvr7t!
Missing character: There is no ï in font phvr7t!
Missing character: There is no ¿ in font phvr7t!
Missing character: There is no ½ in font phvr7t!
Missing character: There is no ï in font phvr7t!
Missing character: There is no ¿ in font phvr7t!
Missing character: There is no ½ in font phvr7t!
Missing character: There is no ï in font phvr7t!
Missing character: There is no ¿ in font phvr7t!
Missing character: There is no ½ in font phvr7t!
Missing character: There is no ï in font phvr7t!
Missing character: There is no ¿ in font phvr7t!
Missing character: There is no ½ in font phvr7t!
Missing character: There is no ï in font phvr7t!
Missing character: There is no ¿ in font phvr7t!
Missing character: There is no ½ in font phvr7t!
Missing character: There is no ï in font phvr7t!
Missing character: There is no ¿ in font phvr7t!
Missing character: There is no ½ in font phvr7t!
Missing character: There is no ï in font phvr7t!
Missing character: There is no ¿ in font phvr7t!
Missing character: There is no ½ in font phvr7t!
Missing character: There is no ï in font phvr7t!
Missing character: There is no ¿ in font phvr7t!
Missing character: There is no ½ in font phvr7t!
Missing character: There is no ï in font phvr7t!
Missing character: There is no ¿ in font phvr7t!
Missing character: There is no ½ in font phvr7t!
Missing character: There is no ï in font phvr7t!
Missing character: There is no ¿ in font phvr7t!
Missing character: There is no ½ in font phvr7t!
Missing character: There is no ï in font phvr7t!
Missing character: There is no ¿ in font phvr7t!
Missing character: There is no ½ in font phvr7t!

Underfull \hbox (badness 10000) in paragraph at lines 294--514

 []


Underfull \hbox (badness 10000) in paragraph at lines 294--514

 []


Underfull \hbox (badness 10000) in paragraph at lines 294--514

 []


Underfull \hbox (badness 10000) in paragraph at lines 294--514

 []


Underfull \hbox (badness 10000) in paragraph at lines 294--514

 []


Underfull \hbox (badness 10000) in paragraph at lines 294--514

 []


Underfull \hbox (badness 10000) in paragraph at lines 294--514

 []


Underfull \hbox (badness 10000) in paragraph at lines 294--514

 []


Underfull \hbox (badness 10000) in paragraph at lines 294--514

 []


Underfull \hbox (badness 10000) in paragraph at lines 294--514

 []


Underfull \hbox (badness 10000) in paragraph at lines 294--514

 []


Underfull \hbox (badness 10000) in paragraph at lines 294--514

 []


Underfull \hbox (badness 10000) in paragraph at lines 294--514

 []


Underfull \hbox (badness 10000) in paragraph at lines 294--514

 []


Underfull \hbox (badness 10000) in paragraph at lines 294--514

 []


Underfull \hbox (badness 10000) in paragraph at lines 294--514

 []


Underfull \hbox (badness 10000) in paragraph at lines 294--514

 []


Underfull \hbox (badness 10000) in paragraph at lines 294--514

 []


Underfull \hbox (badness 10000) in paragraph at lines 294--514

 []


Underfull \hbox (badness 10000) in paragraph at lines 294--514

 []


Underfull \hbox (badness 10000) in paragraph at lines 294--514

 []


Underfull \hbox (badness 10000) in paragraph at lines 294--514

 []


Underfull \hbox (badness 10000) in paragraph at lines 294--514

 []


Underfull \hbox (badness 10000) in paragraph at lines 294--514

 []


Underfull \hbox (badness 10000) in paragraph at lines 294--514

 []


Underfull \hbox (badness 10000) in paragraph at lines 294--514

 []


Underfull \hbox (badness 10000) in paragraph at lines 294--514

 []


Underfull \hbox (badness 10000) in paragraph at lines 294--514

 []


Underfull \hbox (badness 10000) in paragraph at lines 294--514

 []


Underfull \hbox (badness 10000) in paragraph at lines 294--514

 []


Underfull \hbox (badness 10000) in paragraph at lines 294--514

 []


Underfull \hbox (badness 10000) in paragraph at lines 294--514

 []


Underfull \hbox (badness 10000) in paragraph at lines 294--514

 []


Underfull \hbox (badness 10000) in paragraph at lines 294--514

 []


Underfull \hbox (badness 10000) in paragraph at lines 294--514

 []


Underfull \hbox (badness 10000) in paragraph at lines 294--514

 []


Underfull \hbox (badness 10000) in paragraph at lines 294--514

 []


Underfull \hbox (badness 10000) in paragraph at lines 294--514

 []


Underfull \hbox (badness 10000) in paragraph at lines 294--514

 []


Underfull \hbox (badness 10000) in paragraph at lines 294--514

 []


Underfull \hbox (badness 10000) in paragraph at lines 294--514

 []


Underfull \hbox (badness 10000) in paragraph at lines 294--514

 []


Underfull \hbox (badness 10000) in paragraph at lines 294--514

 []


Underfull \hbox (badness 10000) in paragraph at lines 294--514

 []

[22

] [23] [24] [25] [26] [27] [28] [29] [30] [31]
Chapter 8.
[32

]
Package epstopdf Info: Source file: <figures/bm_no_graphics.eps>
(epstopdf)                    date: 2014-02-13 18:06:22
(epstopdf)                    size: 762350 bytes
(epstopdf)             Output file: <figures/bm_no_graphics-eps-converted-to.pd
f>
(epstopdf)                    date: 2014-02-13 18:07:50
(epstopdf)                    size: 22328 bytes
(epstopdf)             Command: <epstopdf --outfile=figures/bm_no_graphics-eps-
converted-to.pdf figures/bm_no_graphics.eps>
(epstopdf)             \includegraphics on input line 520.
Package epstopdf Info: Output file is already uptodate.

<figures/bm_no_graphics-eps-converted-to.pdf, id=293, 533.995pt x 376.40625pt>
File: figures/bm_no_graphics-eps-converted-to.pdf Graphic file (type pdf)

<use figures/bm_no_graphics-eps-converted-to.pdf>
Package pdftex.def Info: figures/bm_no_graphics-eps-converted-to.pdf used on in
put line 520.
(pdftex.def)             Requested size: 409.71692pt x 288.8171pt.
Package epstopdf Info: Source file: <figures/bm_graphics.eps>
(epstopdf)                    date: 2014-02-13 17:48:04
(epstopdf)                    size: 762554 bytes
(epstopdf)             Output file: <figures/bm_graphics-eps-converted-to.pdf>
(epstopdf)                    date: 2014-02-13 18:07:49
(epstopdf)                    size: 22477 bytes
(epstopdf)             Command: <epstopdf --outfile=figures/bm_graphics-eps-con
verted-to.pdf figures/bm_graphics.eps>
(epstopdf)             \includegraphics on input line 522.
Package epstopdf Info: Output file is already uptodate.

<figures/bm_graphics-eps-converted-to.pdf, id=294, 533.995pt x 376.40625pt>
File: figures/bm_graphics-eps-converted-to.pdf Graphic file (type pdf)

<use figures/bm_graphics-eps-converted-to.pdf>
Package pdftex.def Info: figures/bm_graphics-eps-converted-to.pdf used on input
 line 522.
(pdftex.def)             Requested size: 409.71692pt x 288.8171pt.

(C:\Users\xzizal\Desktop\GitHub\geocoder\R\speciesgeocodeR_tutorial\speciesgeoc
oder_tutorial.bbl [33 <C:/Users/xzizal/Desktop/GitHub/geocoder/R/speciesgeocode
R_tutorial/figures/bm_no_graphics-eps-converted-to.pdf> <C:/Users/xzizal/Deskto
p/GitHub/geocoder/R/speciesgeocodeR_tutorial/figures/bm_graphics-eps-converted-
to.pdf>])
Package atveryend Info: Empty hook `BeforeClearDocument' on input line 528.
 [34

]
Package atveryend Info: Empty hook `AfterLastShipout' on input line 528.

(C:\Users\xzizal\Desktop\GitHub\geocoder\R\speciesgeocodeR_tutorial\speciesgeoc
oder_tutorial.aux)
Package atveryend Info: Executing hook `AtVeryEndDocument' on input line 528.
Package atveryend Info: Executing hook `AtEndAfterFileList' on input line 528.
Package rerunfilecheck Info: File `speciesgeocoder_tutorial.out' has not change
d.
(rerunfilecheck)             Checksum: 9D81192D28042CB4F91C578B06EDC67B;729.


LaTeX Font Warning: Some font shapes were not available, defaults substituted.

Package atveryend Info: Empty hook `AtVeryVeryEnd' on input line 528.
 ) 
Here is how much of TeX's memory you used:
 8360 strings out of 493921
 132736 string characters out of 3144872
 270988 words of memory out of 3000000
 11489 multiletter control sequences out of 15000+200000
 17458 words of font info for 37 fonts, out of 3000000 for 9000
 841 hyphenation exceptions out of 8191
 40i,6n,47p,1455b,462s stack positions out of 5000i,500n,10000p,200000b,50000s
{C:/Program Files (x86)/MiKTeX 2.9/fonts/enc/dvips/fontname/8r.enc}<C:/Progra
m Files (x86)/MiKTeX 2.9/fonts/type1/public/amsfonts/cm/cmmi10.pfb><C:/Program 
Files (x86)/MiKTeX 2.9/fonts/type1/public/amsfonts/cm/cmsy10.pfb><C:/Program Fi
les (x86)/MiKTeX 2.9/fonts/type1/public/amsfonts/cm/cmtt10.pfb><C:/Program File
s (x86)/MiKTeX 2.9/fonts/type1/urw/helvetic/uhvb8a.pfb><C:/Program Files (x86)/
MiKTeX 2.9/fonts/type1/urw/helvetic/uhvr8a.pfb><C:/Program Files (x86)/MiKTeX 2
.9/fonts/type1/urw/helvetic/uhvro8a.pfb>
Output written on speciesgeocoder_tutorial.pdf (34 pages, 1605682 bytes).
PDF statistics:
 369 PDF objects out of 1000 (max. 8388607)
 74 named destinations out of 1000 (max. 500000)
 154 words of extra memory for PDF output out of 10000 (max. 10000000)

